{
  "RSpec": {
    "coverage": {
      "/Users/student/Documents/projects/gilded-rose-noths/ruby/spec/gilded_rose_spec.rb": [
        null,
        1,
        null,
        1,
        null,
        1,
        1,
        1,
        1,
        1,
        null,
        null,
        null,
        null
      ],
      "/Users/student/Documents/projects/gilded-rose-noths/ruby/lib/gilded_rose.rb": [
        1,
        null,
        1,
        8,
        null,
        null,
        1,
        9,
        9,
        6,
        4,
        4,
        null,
        null,
        null,
        3,
        3,
        3,
        0,
        0,
        0,
        null,
        null,
        0,
        0,
        0,
        null,
        null,
        null,
        null,
        null,
        9,
        9,
        null,
        9,
        5,
        3,
        3,
        2,
        2,
        null,
        null,
        null,
        0,
        null,
        null,
        2,
        1,
        null,
        null,
        null,
        null,
        null,
        null
      ],
      "/Users/student/Documents/projects/gilded-rose-noths/ruby/spec/item_spec.rb": [
        null,
        1,
        null,
        1,
        null,
        1,
        null,
        1,
        1,
        1,
        1,
        null,
        null,
        1,
        1,
        null,
        null,
        1,
        null,
        1,
        1,
        1,
        1,
        null,
        null,
        1,
        1,
        1,
        1,
        1,
        null,
        null,
        1,
        1,
        1,
        1,
        1,
        null,
        null,
        1,
        1,
        1,
        1,
        1,
        1,
        null,
        null,
        null,
        1,
        null,
        1,
        1,
        1,
        1,
        1,
        null,
        null,
        1,
        1,
        1,
        1,
        1,
        null,
        null,
        1,
        1,
        1,
        1,
        1,
        null,
        null,
        null
      ],
      "/Users/student/Documents/projects/gilded-rose-noths/ruby/lib/item.rb": [
        null,
        null,
        1,
        1,
        null,
        1,
        8,
        8,
        8,
        null,
        null,
        1,
        1,
        null,
        null
      ]
    },
    "timestamp": 1551875788
  }
}
